<?xml version="1.0" encoding="UTF-8"?>
<!-- Generated by org.testng.reporters.JUnitReportReporter -->
<testsuite skipped="0" hostname="smily" name="a_tests.InputBoxPageTest" tests="2" failures="0" timestamp="24 Sep 2020 19:48:20 GMT" time="28.614" errors="0">
  <testcase name="runTest2" time="15.826" classname="a_tests.InputBoxPageTest"/>
  <testcase name="runTest" time="12.788" classname="a_tests.InputBoxPageTest"/>
</testsuite> <!-- a_tests.InputBoxPageTest -->
