<?xml version="1.0" encoding="UTF-8"?>
<!-- Generated by org.testng.reporters.JUnitReportReporter -->
<testsuite skipped="0" hostname="smily" name="a_tests.CheckBoxPageTest" tests="1" failures="0" timestamp="04 Oct 2020 18:53:01 GMT" time="1.616" errors="0">
  <testcase name="runTest" time="1.616" classname="a_tests.CheckBoxPageTest"/>
</testsuite> <!-- a_tests.CheckBoxPageTest -->
