<?xml version="1.0" encoding="UTF-8"?>
<!-- Generated by org.testng.reporters.JUnitReportReporter -->
<testsuite skipped="0" hostname="smily" name="testNGTest.TestNG_Test" tests="1" failures="0" timestamp="04 Oct 2020 18:51:52 GMT" time="15.222" errors="0">
  <testcase name="TestCase1" time="15.222" classname="testNGTest.TestNG_Test"/>
</testsuite> <!-- testNGTest.TestNG_Test -->
