<?xml version="1.0" encoding="UTF-8"?>
<!-- Generated by org.testng.reporters.JUnitReportReporter -->
<testsuite skipped="0" hostname="smily" name="a_tests.CheckBoxPageTest" tests="1" failures="0" timestamp="20 Sep 2020 11:20:19 GMT" time="2.600" errors="0">
  <testcase name="runTest" time="2.600" classname="a_tests.CheckBoxPageTest"/>
</testsuite> <!-- a_tests.CheckBoxPageTest -->
